#
# There is insufficient memory for the Java Runtime Environment to continue.
# Native memory allocation (malloc) failed to allocate 1048576 bytes for AllocateHeap
# Possible reasons:
#   The system is out of physical RAM or swap space
#   The process is running with CompressedOops enabled, and the Java Heap may be blocking the growth of the native heap
# Possible solutions:
#   Reduce memory load on the system
#   Increase physical memory or swap space
#   Check if swap backing store is full
#   Decrease Java heap size (-Xmx/-Xms)
#   Decrease number of Java threads
#   Decrease Java thread stack sizes (-Xss)
#   Set larger code cache with -XX:ReservedCodeCacheSize=
#   JVM is running with Unscaled Compressed Oops mode in which the Java heap is
#     placed in the first 4GB address space. The Java Heap base address is the
#     maximum limit for the native heap growth. Please use -XX:HeapBaseMinAddress
#     to set the Java Heap base and to place the Java Heap above 4GB virtual address.
# This output file may be truncated or incomplete.
#
#  Out of Memory Error (memory/allocation.inline.hpp:61), pid=4092, tid=0x00000000000009a0
#
# JRE version:  (8.0_291-b10) (build )
# Java VM: Java HotSpot(TM) 64-Bit Server VM (25.291-b10 mixed mode windows-amd64 compressed oops)
# Failed to write core dump. Minidumps are not enabled by default on client versions of Windows
#

---------------  T H R E A D  ---------------

Current thread (0x000002c0e0560800):  JavaThread "Unknown thread" [_thread_in_vm, id=2464, stack(0x000000d103000000,0x000000d103100000)]

Stack: [0x000000d103000000,0x000000d103100000]
Native frames: (J=compiled Java code, j=interpreted, Vv=VM code, C=native code)
V  [jvm.dll+0x32ea19]
V  [jvm.dll+0x275462]
V  [jvm.dll+0x27610d]
V  [jvm.dll+0x26cb45]
V  [jvm.dll+0x509d]
V  [jvm.dll+0x3d2f93]
V  [jvm.dll+0x3d39a8]
V  [jvm.dll+0xfcaff]
V  [jvm.dll+0x209dfb]
V  [jvm.dll+0x238827]
V  [jvm.dll+0x1625b6]
C  [java.exe+0x2312]
C  [java.exe+0x15f54]
C  [KERNEL32.DLL+0x17c24]
C  [ntdll.dll+0x6d721]


---------------  P R O C E S S  ---------------

Java Threads: ( => current thread )

Other Threads:

=>0x000002c0e0560800 (exited) JavaThread "Unknown thread" [_thread_in_vm, id=2464, stack(0x000000d103000000,0x000000d103100000)]

VM state:not at safepoint (normal execution)

VM Mutex/Monitor currently owned by a thread: None

heap address: 0x00000000e0000000, size: 512 MB, Compressed Oops mode: 32-bit
Narrow klass base: 0x0000000000000000, Narrow klass shift: 3
Compressed class space size: 1073741824 Address: 0x0000000100000000

Heap:
 PSYoungGen      total 38400K, used 665K [0x00000000f5580000, 0x00000000f8000000, 0x0000000100000000)
  eden space 33280K, 2% used [0x00000000f5580000,0x00000000f5626670,0x00000000f7600000)
  from space 5120K, 0% used [0x00000000f7b00000,0x00000000f7b00000,0x00000000f8000000)
  to   space 5120K, 0% used [0x00000000f7600000,0x00000000f7600000,0x00000000f7b00000)
 ParOldGen       total 87552K, used 0K [0x00000000e0000000, 0x00000000e5580000, 0x00000000f5580000)
  object space 87552K, 0% used [0x00000000e0000000,0x00000000e0000000,0x00000000e5580000)
 Metaspace       used 778K, capacity 4480K, committed 4480K, reserved 1056768K
  class space    used 76K, capacity 384K, committed 384K, reserved 1048576K

Card table byte_map: [0x000002c0f1180000,0x000002c0f1290000] byte_map_base: 0x000002c0f0a80000

Marking Bits: (ParMarkBitMap*) 0x0000000071577fe0
 Begin Bits: [0x000002c0f1340000, 0x000002c0f1b40000)
 End Bits:   [0x000002c0f1b40000, 0x000002c0f2340000)

Polling page: 0x000002c0e04e0000

CodeCache: size=245760Kb used=328Kb max_used=328Kb free=245431Kb
 bounds [0x000002c0e1dc0000, 0x000002c0e2030000, 0x000002c0f0dc0000]
 total_blobs=58 nmethods=0 adapters=38
 compilation: enabled

Compilation events (0 events):
No events

GC Heap History (0 events):
No events

Deoptimization events (0 events):
No events

Classes redefined (0 events):
No events

Internal exceptions (0 events):
No events

Events (10 events):
Event: 0.042 loading class java/lang/Short
Event: 0.042 loading class java/lang/Short done
Event: 0.042 loading class java/lang/Integer
Event: 0.042 loading class java/lang/Integer done
Event: 0.042 loading class java/lang/Long
Event: 0.042 loading class java/lang/Long done
Event: 0.043 loading class java/lang/NullPointerException
Event: 0.043 loading class java/lang/NullPointerException done
Event: 0.043 loading class java/lang/ArithmeticException
Event: 0.043 loading class java/lang/ArithmeticException done


Dynamic libraries:
0x00007ff6fe340000 - 0x00007ff6fe387000 	D:\Java\jdk1.8.0_291\bin\java.exe
0x00007ffb21d40000 - 0x00007ffb21f30000 	C:\windows\SYSTEM32\ntdll.dll
0x00007ffb21390000 - 0x00007ffb21443000 	C:\windows\System32\KERNEL32.DLL
0x00007ffb1f070000 - 0x00007ffb1f316000 	C:\windows\System32\KERNELBASE.dll
0x00007ffb202d0000 - 0x00007ffb20373000 	C:\windows\System32\ADVAPI32.dll
0x00007ffb20540000 - 0x00007ffb205de000 	C:\windows\System32\msvcrt.dll
0x00007ffb212f0000 - 0x00007ffb21387000 	C:\windows\System32\sechost.dll
0x00007ffb201b0000 - 0x00007ffb202cf000 	C:\windows\System32\RPCRT4.dll
0x00007ffb21450000 - 0x00007ffb215e4000 	C:\windows\System32\USER32.dll
0x00007ffb1f020000 - 0x00007ffb1f041000 	C:\windows\System32\win32u.dll
0x00007ffb212c0000 - 0x00007ffb212e6000 	C:\windows\System32\GDI32.dll
0x00007ffb1ede0000 - 0x00007ffb1ef78000 	C:\windows\System32\gdi32full.dll
0x00007ffb1ef80000 - 0x00007ffb1f01e000 	C:\windows\System32\msvcp_win.dll
0x00007ffb1ece0000 - 0x00007ffb1edda000 	C:\windows\System32\ucrtbase.dll
0x00007ffb07650000 - 0x00007ffb078d4000 	C:\windows\WinSxS\amd64_microsoft.windows.common-controls_6595b64144ccf1df_6.0.18362.1854_none_9e7e6453e45e0f86\COMCTL32.dll
0x00007ffb1fe70000 - 0x00007ffb201a6000 	C:\windows\System32\combase.dll
0x00007ffb1fb00000 - 0x00007ffb1fb84000 	C:\windows\System32\bcryptPrimitives.dll
0x00007ffb1fe40000 - 0x00007ffb1fe6e000 	C:\windows\System32\IMM32.DLL
0x00007ffb079d0000 - 0x00007ffb079e5000 	D:\Java\jdk1.8.0_291\jre\bin\vcruntime140.dll
0x00007ffb07140000 - 0x00007ffb071db000 	D:\Java\jdk1.8.0_291\jre\bin\msvcp140.dll
0x0000000070d90000 - 0x00000000715f0000 	D:\Java\jdk1.8.0_291\jre\bin\server\jvm.dll
0x00007ffb209b0000 - 0x00007ffb209b8000 	C:\windows\System32\PSAPI.DLL
0x00007ffb15720000 - 0x00007ffb1572a000 	C:\windows\SYSTEM32\VERSION.dll
0x00007ffb1cf20000 - 0x00007ffb1cf44000 	C:\windows\SYSTEM32\WINMM.dll
0x00007ffafcbd0000 - 0x00007ffafcbd9000 	C:\windows\SYSTEM32\WSOCK32.dll
0x00007ffb20a90000 - 0x00007ffb20aff000 	C:\windows\System32\WS2_32.dll
0x00007ffb1cc30000 - 0x00007ffb1cc5d000 	C:\windows\SYSTEM32\WINMMBASE.dll
0x00007ffb1fd90000 - 0x00007ffb1fdda000 	C:\windows\System32\cfgmgr32.dll
0x00007ffb1ec50000 - 0x00007ffb1ec61000 	C:\windows\System32\kernel.appcore.dll
0x00007ffb19240000 - 0x00007ffb19250000 	D:\Java\jdk1.8.0_291\jre\bin\verify.dll
0x00007ffb07110000 - 0x00007ffb0713b000 	D:\Java\jdk1.8.0_291\jre\bin\java.dll
0x00007ffaf46e0000 - 0x00007ffaf4710000 	D:\Java\jdk1.8.0_291\jre\bin\instrument.dll
0x00007ffb070f0000 - 0x00007ffb07108000 	D:\Java\jdk1.8.0_291\jre\bin\zip.dll
0x00007ffb1c950000 - 0x00007ffb1cb44000 	C:\windows\SYSTEM32\dbghelp.dll

VM Arguments:
jvm_args: -Dmaven.multiModuleProjectDirectory=D:\IdeaProjects\library_manager_system -Xms128m -Xmx512m -Dmaven.home=D:\Program\IntelliJ IDEA 2019.3\plugins\maven\lib\maven3 -Dclassworlds.conf=D:\Program\IntelliJ IDEA 2019.3\plugins\maven\lib\maven3\bin\m2.conf -Dmaven.ext.class.path=D:\Program\IntelliJ IDEA 2019.3\plugins\maven\lib\maven-event-listener.jar -javaagent:D:\Program\IntelliJ IDEA 2019.3\lib\idea_rt.jar=61063:D:\Program\IntelliJ IDEA 2019.3\bin -Dfile.encoding=UTF-8 
java_command: org.codehaus.classworlds.Launcher -Didea.version2019.3 package
java_class_path (initial): D:\Program\IntelliJ IDEA 2019.3\plugins\maven\lib\maven3\boot\plexus-classworlds-2.6.0.jar;D:\Program\IntelliJ IDEA 2019.3\lib\idea_rt.jar
Launcher Type: SUN_STANDARD

Environment Variables:
JAVA_HOME=D:\Java\jdk1.8.0_291
CLASSPATH=D:\Program\jMeter\apache-jmeter-5.4.1\lib\ext\ApacheJMeter_core.jar;D:\Program\jMeter\apache-jmeter-5.4.1\lib\jorphan.jar;D:\Program\jMeter\apache-jmeter-5.4.1\lib\logkit-2.0.jar;
PATH=D:\Program\VirtualBox(VM)\bin\;D:\Program\Python3.9.6\Scripts\;D:\Program\Python3.9.6\;C:\Python39\Scripts\;C:\Python39\;C:\Users\34513\AppData\Local\Programs\Python\Python39\Scripts\;C:\Users\34513\AppData\Local\Programs\Python\Python39\;C:\windows\system32;C:\windows;C:\windows\System32\Wbem;C:\Windows\SysWOW64;C:\windows\system64;C:\windows;D:\app\34513\product\12.1.0\dbhome_2\bin;D:\Program\Oracle\oracle-12c\database\product\12.1.0\dbhome_1\bin;D:\app\34513\product\12.1.0\dbhome_1\bin;D:\Program\Oracle\oracle-19c\bin;D:\Java\apache-tomcat-8.5.54\bin;D:\Java\jdk1.8.0_291\bin;C:\windows\System64\Wbem;C:\windows\System64\WindowsPowerShell\v1.0\;C:\windows\System64\OpenSSH\;C:\Program Files (x86)\NVIDIA Corporation\PhysX\Common;C:\Program Files\NVIDIA Corporation\NVIDIA NvDLISR;C:\Program Files\Intel\WiFi\bin\;C:\Program Files\Common Files\Intel\WirelessCommon\;D:\mysql-8.0.19-winx64\bin;D:\Program\Maven\apache-maven-3.5.2\bin;D:\Program\apache-tomcat-9.0.37\bin;D:\Program\curl\curl-7.72.0-win64-mingw\bin;D:\Program\NASM;D:\Program\Python3.7.5\Scripts;D:\Program\Xshell-7\;D:\Program\Google\Chrome\Application\chrome.exe;D:\chromedriver.exe;C:\ProgramData\chocolatey\bin;D:\Program\IntelliJ IDEA 2019.3\plugins\maven\lib\maven3\bin;C:\Program Files (x86)\Wolfram Research\WolframScript\;D:\Program\Git\Git\cmd;D:\blog\blog\node_modules\.bin;D:\Java\jdk1.8.0_291\jre\bin;D:\Program\MySQL\mysql-5.7.27-winx64\bin;D:\Program\zookeeper\zookeeper-3.4.9\bin;D:\Program\Erlang\erl10.3\bin;D:\Program\Node.js;D:\Program\Node.js\node_global;C:\Program Files\MySQL\MySQL Shell 8.0\bin\;D:\Program\Microsoft VS Code\bin;D:\Program\pycharm2020\PyCharm 2020.2.3\bin;D:\Program\Fiddler;D:\Program\pycharm2020\PyCharm Community Edition 2020.2.3\bin;;D:\Program\PyCharm 2021.1.1\bin;;C:\Users\34513\AppData\Roaming\npm
USERNAME=34513
OS=Windows_NT
PROCESSOR_IDENTIFIER=Intel64 Family 6 Model 142 Stepping 12, GenuineIntel



---------------  S Y S T E M  ---------------

OS: Windows 10.0 , 64 bit Build 18362 (10.0.18362.1766)

CPU:total 8 (initial active 8) (4 cores per cpu, 2 threads per core) family 6 model 142 stepping 12, cmov, cx8, fxsr, mmx, sse, sse2, sse3, ssse3, sse4.1, sse4.2, popcnt, avx, avx2, aes, clmul, erms, 3dnowpref, lzcnt, ht, tsc, tscinvbit, bmi1, bmi2, adx

Memory: 4k page, physical 8230628k(852928k free), swap 18716384k(5496k free)

vm_info: Java HotSpot(TM) 64-Bit Server VM (25.291-b10) for windows-amd64 JRE (1.8.0_291-b10), built on Apr  9 2021 00:02:00 by "java_re" with MS VC++ 15.9 (VS2017)

time: Mon Nov  1 23:18:23 2021
timezone: ?D1¨²¡À¨º¡Á?¨º¡À??
elapsed time: 0.074775 seconds (0d 0h 0m 0s)

